[EL Info]: 2018-01-03 22:24:52.904--ServerSession(127758389)--EclipseLink, version: Eclipse Persistence Services - 2.6.4.v20160829-44060b6
[EL Info]: connection: 2018-01-03 22:24:53.124--ServerSession(127758389)--/file:/C:/Users/Fernando/Documents/GitHub/RICarworkshop_JPA/cws_map_to_db_skel/target/classes/_carworkshop login successful
[EL Fine]: sql: 2018-01-03 22:24:53.126--ServerSession(127758389)--Connection(630669831)--ALTER TABLE RECOMENDACION DROP CONSTRAINT FK_RECOMENDACION_RECOMENDADO_ID
[EL Fine]: sql: 2018-01-03 22:24:53.128--ServerSession(127758389)--Connection(630669831)--ALTER TABLE RECOMENDACION DROP CONSTRAINT FK_RECOMENDACION_RECOMENDADOR_ID
[EL Fine]: sql: 2018-01-03 22:24:53.13--ServerSession(127758389)--Connection(630669831)--ALTER TABLE RECOMENDACION DROP CONSTRAINT UNQ_RECOMENDACION_0
[EL Fine]: sql: 2018-01-03 22:24:53.133--ServerSession(127758389)--Connection(630669831)--ALTER TABLE SUSTITUCION DROP CONSTRAINT FK_SUSTITUCION_INTERVENCION_ID
[EL Fine]: sql: 2018-01-03 22:24:53.135--ServerSession(127758389)--Connection(630669831)--ALTER TABLE SUSTITUCION DROP CONSTRAINT FK_SUSTITUCION_REPUESTO_ID
[EL Fine]: sql: 2018-01-03 22:24:53.136--ServerSession(127758389)--Connection(630669831)--ALTER TABLE SUSTITUCION DROP CONSTRAINT UNQ_SUSTITUCION_0
[EL Fine]: sql: 2018-01-03 22:24:53.139--ServerSession(127758389)--Connection(630669831)--ALTER TABLE MEDIOPAGO DROP CONSTRAINT FK_MEDIOPAGO_CLIENTE_ID
[EL Fine]: sql: 2018-01-03 22:24:53.14--ServerSession(127758389)--Connection(630669831)--ALTER TABLE CARGO DROP CONSTRAINT FK_CARGO_FACTURA_ID
[EL Fine]: sql: 2018-01-03 22:24:53.142--ServerSession(127758389)--Connection(630669831)--ALTER TABLE CARGO DROP CONSTRAINT FK_CARGO_MEDIOPAGO_ID
[EL Fine]: sql: 2018-01-03 22:24:53.143--ServerSession(127758389)--Connection(630669831)--ALTER TABLE CARGO DROP CONSTRAINT UNQ_CARGO_0
[EL Fine]: sql: 2018-01-03 22:24:53.145--ServerSession(127758389)--Connection(630669831)--ALTER TABLE INTERVENCION DROP CONSTRAINT FK_INTERVENCION_MECANICO_ID
[EL Fine]: sql: 2018-01-03 22:24:53.147--ServerSession(127758389)--Connection(630669831)--ALTER TABLE INTERVENCION DROP CONSTRAINT FK_INTERVENCION_AVERIA_ID
[EL Fine]: sql: 2018-01-03 22:24:53.149--ServerSession(127758389)--Connection(630669831)--ALTER TABLE INTERVENCION DROP CONSTRAINT UNQ_INTERVENCION_0
[EL Fine]: sql: 2018-01-03 22:24:53.151--ServerSession(127758389)--Connection(630669831)--ALTER TABLE VEHICULO DROP CONSTRAINT FK_VEHICULO_TIPOVEHICULO_ID
[EL Fine]: sql: 2018-01-03 22:24:53.153--ServerSession(127758389)--Connection(630669831)--ALTER TABLE VEHICULO DROP CONSTRAINT FK_VEHICULO_CLIENTE_ID
[EL Fine]: sql: 2018-01-03 22:24:53.155--ServerSession(127758389)--Connection(630669831)--ALTER TABLE AVERIA DROP CONSTRAINT FK_AVERIA_MECANICO_ID
[EL Fine]: sql: 2018-01-03 22:24:53.157--ServerSession(127758389)--Connection(630669831)--ALTER TABLE AVERIA DROP CONSTRAINT FK_AVERIA_VEHICULO_ID
[EL Fine]: sql: 2018-01-03 22:24:53.159--ServerSession(127758389)--Connection(630669831)--ALTER TABLE AVERIA DROP CONSTRAINT FK_AVERIA_FACTURA_ID
[EL Fine]: sql: 2018-01-03 22:24:53.161--ServerSession(127758389)--Connection(630669831)--ALTER TABLE AVERIA DROP CONSTRAINT UNQ_AVERIA_0
[EL Fine]: sql: 2018-01-03 22:24:53.163--ServerSession(127758389)--Connection(630669831)--ALTER TABLE MECANICO_AVERIA DROP CONSTRAINT FK_MECANICO_AVERIA_Mecanico_ID
[EL Fine]: sql: 2018-01-03 22:24:53.165--ServerSession(127758389)--Connection(630669831)--ALTER TABLE MECANICO_AVERIA DROP CONSTRAINT FK_MECANICO_AVERIA_asignadas_ID
[EL Fine]: sql: 2018-01-03 22:24:53.166--ServerSession(127758389)--Connection(630669831)--DROP TABLE RECOMENDACION
[EL Fine]: sql: 2018-01-03 22:24:53.168--ServerSession(127758389)--Connection(630669831)--DROP TABLE SUSTITUCION
[EL Fine]: sql: 2018-01-03 22:24:53.168--ServerSession(127758389)--Connection(630669831)--DROP TABLE MEDIOPAGO
[EL Fine]: sql: 2018-01-03 22:24:53.169--ServerSession(127758389)--Connection(630669831)--DROP TABLE CLIENTE
[EL Fine]: sql: 2018-01-03 22:24:53.17--ServerSession(127758389)--Connection(630669831)--DROP TABLE CARGO
[EL Fine]: sql: 2018-01-03 22:24:53.171--ServerSession(127758389)--Connection(630669831)--DROP TABLE MECANICO
[EL Fine]: sql: 2018-01-03 22:24:53.172--ServerSession(127758389)--Connection(630669831)--DROP TABLE TIPOVEHICULO
[EL Fine]: sql: 2018-01-03 22:24:53.173--ServerSession(127758389)--Connection(630669831)--DROP TABLE INTERVENCION
[EL Fine]: sql: 2018-01-03 22:24:53.174--ServerSession(127758389)--Connection(630669831)--DROP TABLE REPUESTO
[EL Fine]: sql: 2018-01-03 22:24:53.175--ServerSession(127758389)--Connection(630669831)--DROP TABLE VEHICULO
[EL Fine]: sql: 2018-01-03 22:24:53.176--ServerSession(127758389)--Connection(630669831)--DROP TABLE AVERIA
[EL Fine]: sql: 2018-01-03 22:24:53.177--ServerSession(127758389)--Connection(630669831)--DROP TABLE FACTURA
[EL Fine]: sql: 2018-01-03 22:24:53.177--ServerSession(127758389)--Connection(630669831)--DROP TABLE MECANICO_AVERIA
[EL Fine]: sql: 2018-01-03 22:24:53.178--ServerSession(127758389)--Connection(630669831)--CREATE TABLE RECOMENDACION (ID BIGINT GENERATED BY DEFAULT AS IDENTITY (START WITH 1 INCREMENT BY 1) NOT NULL, USADA_BONO BOOLEAN, RECOMENDADO_ID BIGINT, RECOMENDADOR_ID BIGINT, PRIMARY KEY (ID))
[EL Fine]: sql: 2018-01-03 22:24:53.179--ServerSession(127758389)--Connection(630669831)--CREATE TABLE SUSTITUCION (ID BIGINT GENERATED BY DEFAULT AS IDENTITY (START WITH 1 INCREMENT BY 1) NOT NULL, CANTIDAD INTEGER, INTERVENCION_ID BIGINT, REPUESTO_ID BIGINT, PRIMARY KEY (ID))
[EL Fine]: sql: 2018-01-03 22:24:53.181--ServerSession(127758389)--Connection(630669831)--CREATE TABLE MEDIOPAGO (ID BIGINT GENERATED BY DEFAULT AS IDENTITY (START WITH 1 INCREMENT BY 1) NOT NULL, DTYPE VARCHAR(31), ACUMULADO REAL, CLIENTE_ID BIGINT, NUMERO VARCHAR(255), TIPO VARCHAR(255), VALIDEZ TIMESTAMP, CODIGO VARCHAR(255), DESCRIPCION VARCHAR(255), DISPONIBLE REAL, PRIMARY KEY (ID))
[EL Fine]: sql: 2018-01-03 22:24:53.182--ServerSession(127758389)--Connection(630669831)--CREATE TABLE CLIENTE (ID BIGINT GENERATED BY DEFAULT AS IDENTITY (START WITH 1 INCREMENT BY 1) NOT NULL, APELLIDOS VARCHAR(255), DNI VARCHAR(255), EMAIL VARCHAR(255), NOMBRE VARCHAR(255), TELEFONO VARCHAR(255), CITY VARCHAR(255), STREET VARCHAR(255), ZIPCODE VARCHAR(255), PRIMARY KEY (ID))
[EL Fine]: sql: 2018-01-03 22:24:53.183--ServerSession(127758389)--Connection(630669831)--CREATE TABLE CARGO (ID BIGINT GENERATED BY DEFAULT AS IDENTITY (START WITH 1 INCREMENT BY 1) NOT NULL, IMPORTE REAL, FACTURA_ID BIGINT, MEDIOPAGO_ID BIGINT, PRIMARY KEY (ID))
[EL Fine]: sql: 2018-01-03 22:24:53.184--ServerSession(127758389)--Connection(630669831)--CREATE TABLE MECANICO (ID BIGINT GENERATED BY DEFAULT AS IDENTITY (START WITH 1 INCREMENT BY 1) NOT NULL, APELLIDOS VARCHAR(255), DNI VARCHAR(255), NOMBRE VARCHAR(255), PRIMARY KEY (ID))
[EL Fine]: sql: 2018-01-03 22:24:53.185--ServerSession(127758389)--Connection(630669831)--CREATE TABLE TIPOVEHICULO (ID BIGINT GENERATED BY DEFAULT AS IDENTITY (START WITH 1 INCREMENT BY 1) NOT NULL, NOMBRE VARCHAR(255), PRECIOHORA REAL, PRIMARY KEY (ID))
[EL Fine]: sql: 2018-01-03 22:24:53.186--ServerSession(127758389)--Connection(630669831)--CREATE TABLE INTERVENCION (ID BIGINT GENERATED BY DEFAULT AS IDENTITY (START WITH 1 INCREMENT BY 1) NOT NULL, MINUTOS INTEGER, AVERIA_ID BIGINT, MECANICO_ID BIGINT, PRIMARY KEY (ID))
[EL Fine]: sql: 2018-01-03 22:24:53.187--ServerSession(127758389)--Connection(630669831)--CREATE TABLE REPUESTO (ID BIGINT GENERATED BY DEFAULT AS IDENTITY (START WITH 1 INCREMENT BY 1) NOT NULL, CODIGO VARCHAR(255), DESCRIPCION VARCHAR(255), PRECIO REAL, PRIMARY KEY (ID))
[EL Fine]: sql: 2018-01-03 22:24:53.188--ServerSession(127758389)--Connection(630669831)--CREATE TABLE VEHICULO (ID BIGINT GENERATED BY DEFAULT AS IDENTITY (START WITH 1 INCREMENT BY 1) NOT NULL, MARCA VARCHAR(255), MATRICULA VARCHAR(255), MODELO VARCHAR(255), NUMAVERIAS INTEGER, CLIENTE_ID BIGINT, TIPOVEHICULO_ID BIGINT, PRIMARY KEY (ID))
[EL Fine]: sql: 2018-01-03 22:24:53.189--ServerSession(127758389)--Connection(630669831)--CREATE TABLE AVERIA (ID BIGINT GENERATED BY DEFAULT AS IDENTITY (START WITH 1 INCREMENT BY 1) NOT NULL, DESCRIPCION VARCHAR(255), FECHA TIMESTAMP, IMPORTE REAL, STATUS INTEGER, USADA_BONO BOOLEAN, FACTURA_ID BIGINT, MECANICO_ID BIGINT, VEHICULO_ID BIGINT, PRIMARY KEY (ID))
[EL Fine]: sql: 2018-01-03 22:24:53.19--ServerSession(127758389)--Connection(630669831)--CREATE TABLE FACTURA (ID BIGINT GENERATED BY DEFAULT AS IDENTITY (START WITH 1 INCREMENT BY 1) NOT NULL, FECHA TIMESTAMP, IMPORTE REAL, IVA REAL, NUMERO BIGINT, STATUS INTEGER, USADA_BONO BOOLEAN, PRIMARY KEY (ID))
[EL Fine]: sql: 2018-01-03 22:24:53.191--ServerSession(127758389)--Connection(630669831)--CREATE TABLE MECANICO_AVERIA (Mecanico_ID BIGINT NOT NULL, asignadas_ID BIGINT NOT NULL, PRIMARY KEY (Mecanico_ID, asignadas_ID))
[EL Fine]: sql: 2018-01-03 22:24:53.191--ServerSession(127758389)--Connection(630669831)--ALTER TABLE RECOMENDACION ADD CONSTRAINT UNQ_RECOMENDACION_0 UNIQUE (RECOMENDADO_ID , RECOMENDADOR_ID)
[EL Fine]: sql: 2018-01-03 22:24:53.192--ServerSession(127758389)--Connection(630669831)--ALTER TABLE SUSTITUCION ADD CONSTRAINT UNQ_SUSTITUCION_0 UNIQUE (REPUESTO_ID, INTERVENCION_ID)
[EL Fine]: sql: 2018-01-03 22:24:53.193--ServerSession(127758389)--Connection(630669831)--ALTER TABLE MEDIOPAGO ADD CONSTRAINT UNQ_MEDIOPAGO_4 UNIQUE (NUMERO)
[EL Fine]: sql: 2018-01-03 22:24:53.194--ServerSession(127758389)--Connection(630669831)--ALTER TABLE MEDIOPAGO ADD CONSTRAINT UNQ_MEDIOPAGO_7 UNIQUE (CODIGO)
[EL Fine]: sql: 2018-01-03 22:24:53.195--ServerSession(127758389)--Connection(630669831)--ALTER TABLE CLIENTE ADD CONSTRAINT UNQ_CLIENTE_2 UNIQUE (DNI)
[EL Fine]: sql: 2018-01-03 22:24:53.196--ServerSession(127758389)--Connection(630669831)--ALTER TABLE CARGO ADD CONSTRAINT UNQ_CARGO_0 UNIQUE (FACTURA_ID, MEDIOPAGO_ID)
[EL Fine]: sql: 2018-01-03 22:24:53.196--ServerSession(127758389)--Connection(630669831)--ALTER TABLE INTERVENCION ADD CONSTRAINT UNQ_INTERVENCION_0 UNIQUE (AVERIA_ID, MECANICO_ID)
[EL Fine]: sql: 2018-01-03 22:24:53.197--ServerSession(127758389)--Connection(630669831)--ALTER TABLE AVERIA ADD CONSTRAINT UNQ_AVERIA_0 UNIQUE (FECHA, VEHICULO_ID)
[EL Fine]: sql: 2018-01-03 22:24:53.198--ServerSession(127758389)--Connection(630669831)--ALTER TABLE RECOMENDACION ADD CONSTRAINT FK_RECOMENDACION_RECOMENDADO_ID FOREIGN KEY (RECOMENDADO_ID) REFERENCES CLIENTE (ID)
[EL Fine]: sql: 2018-01-03 22:24:53.199--ServerSession(127758389)--Connection(630669831)--ALTER TABLE RECOMENDACION ADD CONSTRAINT FK_RECOMENDACION_RECOMENDADOR_ID FOREIGN KEY (RECOMENDADOR_ID) REFERENCES CLIENTE (ID)
[EL Fine]: sql: 2018-01-03 22:24:53.2--ServerSession(127758389)--Connection(630669831)--ALTER TABLE SUSTITUCION ADD CONSTRAINT FK_SUSTITUCION_INTERVENCION_ID FOREIGN KEY (INTERVENCION_ID) REFERENCES INTERVENCION (ID)
[EL Fine]: sql: 2018-01-03 22:24:53.201--ServerSession(127758389)--Connection(630669831)--ALTER TABLE SUSTITUCION ADD CONSTRAINT FK_SUSTITUCION_REPUESTO_ID FOREIGN KEY (REPUESTO_ID) REFERENCES REPUESTO (ID)
[EL Fine]: sql: 2018-01-03 22:24:53.202--ServerSession(127758389)--Connection(630669831)--ALTER TABLE MEDIOPAGO ADD CONSTRAINT FK_MEDIOPAGO_CLIENTE_ID FOREIGN KEY (CLIENTE_ID) REFERENCES CLIENTE (ID)
[EL Fine]: sql: 2018-01-03 22:24:53.203--ServerSession(127758389)--Connection(630669831)--ALTER TABLE CARGO ADD CONSTRAINT FK_CARGO_FACTURA_ID FOREIGN KEY (FACTURA_ID) REFERENCES FACTURA (ID)
[EL Fine]: sql: 2018-01-03 22:24:53.204--ServerSession(127758389)--Connection(630669831)--ALTER TABLE CARGO ADD CONSTRAINT FK_CARGO_MEDIOPAGO_ID FOREIGN KEY (MEDIOPAGO_ID) REFERENCES MEDIOPAGO (ID)
[EL Fine]: sql: 2018-01-03 22:24:53.205--ServerSession(127758389)--Connection(630669831)--ALTER TABLE INTERVENCION ADD CONSTRAINT FK_INTERVENCION_MECANICO_ID FOREIGN KEY (MECANICO_ID) REFERENCES MECANICO (ID)
[EL Fine]: sql: 2018-01-03 22:24:53.206--ServerSession(127758389)--Connection(630669831)--ALTER TABLE INTERVENCION ADD CONSTRAINT FK_INTERVENCION_AVERIA_ID FOREIGN KEY (AVERIA_ID) REFERENCES AVERIA (ID)
[EL Fine]: sql: 2018-01-03 22:24:53.207--ServerSession(127758389)--Connection(630669831)--ALTER TABLE VEHICULO ADD CONSTRAINT FK_VEHICULO_TIPOVEHICULO_ID FOREIGN KEY (TIPOVEHICULO_ID) REFERENCES TIPOVEHICULO (ID)
[EL Fine]: sql: 2018-01-03 22:24:53.208--ServerSession(127758389)--Connection(630669831)--ALTER TABLE VEHICULO ADD CONSTRAINT FK_VEHICULO_CLIENTE_ID FOREIGN KEY (CLIENTE_ID) REFERENCES CLIENTE (ID)
[EL Fine]: sql: 2018-01-03 22:24:53.209--ServerSession(127758389)--Connection(630669831)--ALTER TABLE AVERIA ADD CONSTRAINT FK_AVERIA_MECANICO_ID FOREIGN KEY (MECANICO_ID) REFERENCES MECANICO (ID)
[EL Fine]: sql: 2018-01-03 22:24:53.21--ServerSession(127758389)--Connection(630669831)--ALTER TABLE AVERIA ADD CONSTRAINT FK_AVERIA_VEHICULO_ID FOREIGN KEY (VEHICULO_ID) REFERENCES VEHICULO (ID)
[EL Fine]: sql: 2018-01-03 22:24:53.211--ServerSession(127758389)--Connection(630669831)--ALTER TABLE AVERIA ADD CONSTRAINT FK_AVERIA_FACTURA_ID FOREIGN KEY (FACTURA_ID) REFERENCES FACTURA (ID)
[EL Fine]: sql: 2018-01-03 22:24:53.212--ServerSession(127758389)--Connection(630669831)--ALTER TABLE MECANICO_AVERIA ADD CONSTRAINT FK_MECANICO_AVERIA_Mecanico_ID FOREIGN KEY (Mecanico_ID) REFERENCES MECANICO (ID)
[EL Fine]: sql: 2018-01-03 22:24:53.213--ServerSession(127758389)--Connection(630669831)--ALTER TABLE MECANICO_AVERIA ADD CONSTRAINT FK_MECANICO_AVERIA_asignadas_ID FOREIGN KEY (asignadas_ID) REFERENCES AVERIA (ID)
[EL Fine]: sql: 2018-01-03 22:24:53.221--ClientSession(771119702)--Connection(630669831)--INSERT INTO FACTURA (FECHA, IMPORTE, IVA, NUMERO, STATUS, USADA_BONO) VALUES (?, ?, ?, ?, ?, ?)
	bind => [6 parameters bound]
[EL Fine]: sql: 2018-01-03 22:24:53.223--ClientSession(771119702)--Connection(630669831)--CALL IDENTITY()
[EL Fine]: sql: 2018-01-03 22:24:53.224--ClientSession(771119702)--Connection(630669831)--INSERT INTO MECANICO (APELLIDOS, DNI, NOMBRE) VALUES (?, ?, ?)
	bind => [3 parameters bound]
[EL Fine]: sql: 2018-01-03 22:24:53.225--ClientSession(771119702)--Connection(630669831)--CALL IDENTITY()
[EL Fine]: sql: 2018-01-03 22:24:53.226--ClientSession(771119702)--Connection(630669831)--INSERT INTO CLIENTE (APELLIDOS, DNI, EMAIL, NOMBRE, TELEFONO, CITY, STREET, ZIPCODE) VALUES (?, ?, ?, ?, ?, ?, ?, ?)
	bind => [8 parameters bound]
[EL Fine]: sql: 2018-01-03 22:24:53.226--ClientSession(771119702)--Connection(630669831)--CALL IDENTITY()
[EL Fine]: sql: 2018-01-03 22:24:53.227--ClientSession(771119702)--Connection(630669831)--INSERT INTO TIPOVEHICULO (NOMBRE, PRECIOHORA) VALUES (?, ?)
	bind => [2 parameters bound]
[EL Fine]: sql: 2018-01-03 22:24:53.228--ClientSession(771119702)--Connection(630669831)--CALL IDENTITY()
[EL Fine]: sql: 2018-01-03 22:24:53.228--ClientSession(771119702)--Connection(630669831)--INSERT INTO VEHICULO (MARCA, MATRICULA, MODELO, NUMAVERIAS, CLIENTE_ID, TIPOVEHICULO_ID) VALUES (?, ?, ?, ?, ?, ?)
	bind => [6 parameters bound]
[EL Fine]: sql: 2018-01-03 22:24:53.229--ClientSession(771119702)--Connection(630669831)--CALL IDENTITY()
[EL Fine]: sql: 2018-01-03 22:24:53.23--ClientSession(771119702)--Connection(630669831)--INSERT INTO AVERIA (DESCRIPCION, FECHA, IMPORTE, STATUS, USADA_BONO, FACTURA_ID, MECANICO_ID, VEHICULO_ID) VALUES (?, ?, ?, ?, ?, ?, ?, ?)
	bind => [8 parameters bound]
[EL Fine]: sql: 2018-01-03 22:24:53.231--ClientSession(771119702)--Connection(630669831)--CALL IDENTITY()
[EL Fine]: sql: 2018-01-03 22:24:53.232--ClientSession(771119702)--Connection(630669831)--INSERT INTO MEDIOPAGO (ACUMULADO, CODIGO, DESCRIPCION, DISPONIBLE, CLIENTE_ID, DTYPE) VALUES (?, ?, ?, ?, ?, ?)
	bind => [6 parameters bound]
[EL Fine]: sql: 2018-01-03 22:24:53.232--ClientSession(771119702)--Connection(630669831)--CALL IDENTITY()
[EL Fine]: sql: 2018-01-03 22:24:53.233--ClientSession(771119702)--Connection(630669831)--INSERT INTO MEDIOPAGO (ACUMULADO, CLIENTE_ID, DTYPE) VALUES (?, ?, ?)
	bind => [3 parameters bound]
[EL Fine]: sql: 2018-01-03 22:24:53.234--ClientSession(771119702)--Connection(630669831)--CALL IDENTITY()
[EL Fine]: sql: 2018-01-03 22:24:53.235--ClientSession(771119702)--Connection(630669831)--INSERT INTO MEDIOPAGO (ACUMULADO, NUMERO, TIPO, VALIDEZ, CLIENTE_ID, DTYPE) VALUES (?, ?, ?, ?, ?, ?)
	bind => [6 parameters bound]
[EL Fine]: sql: 2018-01-03 22:24:53.235--ClientSession(771119702)--Connection(630669831)--CALL IDENTITY()
[EL Fine]: sql: 2018-01-03 22:24:53.236--ClientSession(771119702)--Connection(630669831)--INSERT INTO CARGO (IMPORTE, FACTURA_ID, MEDIOPAGO_ID) VALUES (?, ?, ?)
	bind => [3 parameters bound]
[EL Fine]: sql: 2018-01-03 22:24:53.237--ClientSession(771119702)--Connection(630669831)--CALL IDENTITY()
[EL Fine]: sql: 2018-01-03 22:24:53.237--ClientSession(771119702)--Connection(630669831)--INSERT INTO INTERVENCION (MINUTOS, AVERIA_ID, MECANICO_ID) VALUES (?, ?, ?)
	bind => [3 parameters bound]
[EL Fine]: sql: 2018-01-03 22:24:53.238--ClientSession(771119702)--Connection(630669831)--CALL IDENTITY()
[EL Fine]: sql: 2018-01-03 22:24:53.238--ClientSession(771119702)--Connection(630669831)--INSERT INTO REPUESTO (CODIGO, DESCRIPCION, PRECIO) VALUES (?, ?, ?)
	bind => [3 parameters bound]
[EL Fine]: sql: 2018-01-03 22:24:53.239--ClientSession(771119702)--Connection(630669831)--CALL IDENTITY()
[EL Fine]: sql: 2018-01-03 22:24:53.24--ClientSession(771119702)--Connection(630669831)--INSERT INTO SUSTITUCION (CANTIDAD, INTERVENCION_ID, REPUESTO_ID) VALUES (?, ?, ?)
	bind => [3 parameters bound]
[EL Fine]: sql: 2018-01-03 22:24:53.24--ClientSession(771119702)--Connection(630669831)--CALL IDENTITY()
[EL Fine]: sql: 2018-01-03 22:24:53.246--ClientSession(1572423881)--Connection(630669831)--DELETE FROM MECANICO_AVERIA WHERE (Mecanico_ID = ?)
	bind => [1 parameter bound]
[EL Fine]: sql: 2018-01-03 22:24:53.247--ClientSession(1572423881)--Connection(630669831)--DELETE FROM SUSTITUCION WHERE (ID = ?)
	bind => [1 parameter bound]
[EL Fine]: sql: 2018-01-03 22:24:53.248--ClientSession(1572423881)--Connection(630669831)--DELETE FROM REPUESTO WHERE (ID = ?)
	bind => [1 parameter bound]
[EL Fine]: sql: 2018-01-03 22:24:53.248--ClientSession(1572423881)--Connection(630669831)--DELETE FROM INTERVENCION WHERE (ID = ?)
	bind => [1 parameter bound]
[EL Fine]: sql: 2018-01-03 22:24:53.249--ClientSession(1572423881)--Connection(630669831)--DELETE FROM CARGO WHERE (ID = ?)
	bind => [1 parameter bound]
[EL Fine]: sql: 2018-01-03 22:24:53.25--ClientSession(1572423881)--Connection(630669831)--DELETE FROM MEDIOPAGO WHERE (ID = ?)
	bind => [1 parameter bound]
[EL Fine]: sql: 2018-01-03 22:24:53.251--ClientSession(1572423881)--Connection(630669831)--DELETE FROM MEDIOPAGO WHERE (ID = ?)
	bind => [1 parameter bound]
[EL Fine]: sql: 2018-01-03 22:24:53.251--ClientSession(1572423881)--Connection(630669831)--DELETE FROM MEDIOPAGO WHERE (ID = ?)
	bind => [1 parameter bound]
[EL Fine]: sql: 2018-01-03 22:24:53.252--ClientSession(1572423881)--Connection(630669831)--DELETE FROM AVERIA WHERE (ID = ?)
	bind => [1 parameter bound]
[EL Fine]: sql: 2018-01-03 22:24:53.252--ClientSession(1572423881)--Connection(630669831)--DELETE FROM VEHICULO WHERE (ID = ?)
	bind => [1 parameter bound]
[EL Fine]: sql: 2018-01-03 22:24:53.253--ClientSession(1572423881)--Connection(630669831)--DELETE FROM TIPOVEHICULO WHERE (ID = ?)
	bind => [1 parameter bound]
[EL Fine]: sql: 2018-01-03 22:24:53.254--ClientSession(1572423881)--Connection(630669831)--DELETE FROM CLIENTE WHERE (ID = ?)
	bind => [1 parameter bound]
[EL Fine]: sql: 2018-01-03 22:24:53.254--ClientSession(1572423881)--Connection(630669831)--DELETE FROM MECANICO WHERE (ID = ?)
	bind => [1 parameter bound]
[EL Fine]: sql: 2018-01-03 22:24:53.255--ClientSession(1572423881)--Connection(630669831)--DELETE FROM FACTURA WHERE (ID = ?)
	bind => [1 parameter bound]
[EL Info]: connection: 2018-01-03 22:24:53.256--ServerSession(127758389)--/file:/C:/Users/Fernando/Documents/GitHub/RICarworkshop_JPA/cws_map_to_db_skel/target/classes/_carworkshop logout successful
